<?xml version="1.0" encoding="UTF-8"?>
<testsuites>
    <testsuite name="google-search;google-search-for-cucumber-js-documentation" tests="3" failures="0" skipped="0">
        <properties>
            <property name="@sample" value="true">
            </property>
            <property name="URI" value="test/features/sample.feature">
            </property>
        </properties>
        <testcase name="Given User is in the Google webpage" classname="google-search;google-search-for-cucumber-js-documentation" time="2.136">
        </testcase>
        <testcase name="When User searches for &quot;cucumber-js documentation&quot;" classname="google-search;google-search-for-cucumber-js-documentation" time="0.144">
        </testcase>
        <testcase name="Then User should see &quot;cucumber.io&quot; in the search results" classname="google-search;google-search-for-cucumber-js-documentation" time="0.923">
        </testcase>
    </testsuite>
</testsuites>